<?xml version="1.0" encoding="UTF-8"?>
<testng-results ignored="0" total="1" passed="1" failed="0" skipped="0">
  <reporter-output>
  </reporter-output>
  <suite started-at="2021-10-24T19:53:16 IST" name="Default suite" finished-at="2021-10-24T19:53:21 IST" duration-ms="5018">
    <groups>
    </groups>
    <test started-at="2021-10-24T19:53:16 IST" name="Default test" finished-at="2021-10-24T19:53:21 IST" duration-ms="5018">
      <class name="testing.DoctorLoginTest">
        <test-method is-config="true" signature="initTest()[pri:0, instance:testing.DoctorLoginTest@9353778]" started-at="2021-10-24T19:53:16 IST" name="initTest" finished-at="2021-10-24T19:53:18 IST" duration-ms="1821" status="PASS">
          <reporter-output>
          </reporter-output>
        </test-method> <!-- initTest -->
        <test-method signature="verifyDoctorLoginTest()[pri:0, instance:testing.DoctorLoginTest@9353778]" started-at="2021-10-24T19:53:18 IST" name="verifyDoctorLoginTest" description="If all fields are empty" finished-at="2021-10-24T19:53:19 IST" duration-ms="1113" status="PASS">
          <reporter-output>
          </reporter-output>
        </test-method> <!-- verifyDoctorLoginTest -->
        <test-method is-config="true" signature="destroyTest()[pri:0, instance:testing.DoctorLoginTest@9353778]" started-at="2021-10-24T19:53:19 IST" name="destroyTest" finished-at="2021-10-24T19:53:21 IST" duration-ms="2052" status="PASS">
          <reporter-output>
          </reporter-output>
        </test-method> <!-- destroyTest -->
      </class> <!-- testing.DoctorLoginTest -->
    </test> <!-- Default test -->
  </suite> <!-- Default suite -->
</testng-results>
